Performing C SOURCE FILE Test CMAKE_HAVE_LIBC_PTHREAD failed with the following output:
Change Dir: /home/yuthika/hcl_ws/src/cmake-build-debug/CMakeFiles/CMakeTmp

Run Build Command(s):/usr/bin/make cmTC_d8dab/fast && /usr/bin/make -f CMakeFiles/cmTC_d8dab.dir/build.make CMakeFiles/cmTC_d8dab.dir/build
make[1]: Entering directory '/home/yuthika/hcl_ws/src/cmake-build-debug/CMakeFiles/CMakeTmp'
Building C object CMakeFiles/cmTC_d8dab.dir/src.c.o
/usr/bin/cc   -DCMAKE_HAVE_LIBC_PTHREAD   -o CMakeFiles/cmTC_d8dab.dir/src.c.o   -c /home/yuthika/hcl_ws/src/cmake-build-debug/CMakeFiles/CMakeTmp/src.c
Linking C executable cmTC_d8dab
/home/yuthika/.local/share/JetBrains/Toolbox/apps/CLion/ch-0/193.7288.25/bin/cmake/linux/bin/cmake -E cmake_link_script CMakeFiles/cmTC_d8dab.dir/link.txt --verbose=1
/usr/bin/cc  -DCMAKE_HAVE_LIBC_PTHREAD    -rdynamic CMakeFiles/cmTC_d8dab.dir/src.c.o  -o cmTC_d8dab 
CMakeFiles/cmTC_d8dab.dir/src.c.o: In function `main':
src.c:(.text+0x3e): undefined reference to `pthread_create'
src.c:(.text+0x4a): undefined reference to `pthread_detach'
src.c:(.text+0x5b): undefined reference to `pthread_join'
collect2: error: ld returned 1 exit status
CMakeFiles/cmTC_d8dab.dir/build.make:86: recipe for target 'cmTC_d8dab' failed
make[1]: *** [cmTC_d8dab] Error 1
make[1]: Leaving directory '/home/yuthika/hcl_ws/src/cmake-build-debug/CMakeFiles/CMakeTmp'
Makefile:121: recipe for target 'cmTC_d8dab/fast' failed
make: *** [cmTC_d8dab/fast] Error 2


Source file was:
#include <pthread.h>

void* test_func(void* data)
{
  return data;
}

int main(void)
{
  pthread_t thread;
  pthread_create(&thread, NULL, test_func, NULL);
  pthread_detach(thread);
  pthread_join(thread, NULL);
  pthread_atfork(NULL, NULL, NULL);
  pthread_exit(NULL);

  return 0;
}

Determining if the function pthread_create exists in the pthreads failed with the following output:
Change Dir: /home/yuthika/hcl_ws/src/cmake-build-debug/CMakeFiles/CMakeTmp

Run Build Command(s):/usr/bin/make cmTC_03469/fast && /usr/bin/make -f CMakeFiles/cmTC_03469.dir/build.make CMakeFiles/cmTC_03469.dir/build
make[1]: Entering directory '/home/yuthika/hcl_ws/src/cmake-build-debug/CMakeFiles/CMakeTmp'
Building C object CMakeFiles/cmTC_03469.dir/CheckFunctionExists.c.o
/usr/bin/cc   -DCHECK_FUNCTION_EXISTS=pthread_create   -o CMakeFiles/cmTC_03469.dir/CheckFunctionExists.c.o   -c /home/yuthika/.local/share/JetBrains/Toolbox/apps/CLion/ch-0/193.7288.25/bin/cmake/linux/share/cmake-3.15/Modules/CheckFunctionExists.c
Linking C executable cmTC_03469
/home/yuthika/.local/share/JetBrains/Toolbox/apps/CLion/ch-0/193.7288.25/bin/cmake/linux/bin/cmake -E cmake_link_script CMakeFiles/cmTC_03469.dir/link.txt --verbose=1
/usr/bin/cc  -DCHECK_FUNCTION_EXISTS=pthread_create    -rdynamic CMakeFiles/cmTC_03469.dir/CheckFunctionExists.c.o  -o cmTC_03469 -lpthreads 
/usr/bin/ld: cannot find -lpthreads
collect2: error: ld returned 1 exit status
CMakeFiles/cmTC_03469.dir/build.make:86: recipe for target 'cmTC_03469' failed
make[1]: *** [cmTC_03469] Error 1
make[1]: Leaving directory '/home/yuthika/hcl_ws/src/cmake-build-debug/CMakeFiles/CMakeTmp'
Makefile:121: recipe for target 'cmTC_03469/fast' failed
make: *** [cmTC_03469/fast] Error 2



